<?xml version="1.0" encoding="UTF-8"?>
<coverage generated="1747632816525" clover="3.2.0">
  <project timestamp="1747632816525" name="All files">
    <metrics statements="18" coveredstatements="15" conditionals="0" coveredconditionals="0" methods="3" coveredmethods="3" elements="21" coveredelements="18" complexity="0" loc="18" ncloc="18" packages="1" files="1" classes="1"/>
    <file name="controllers.js" path="C:\Users\Nadia\Documents\Teti\Semester 6\Pengujian Perangkat Lunak\testing-storage-management\server\src\controllers\controllers.js">
      <metrics statements="18" coveredstatements="15" conditionals="0" coveredconditionals="0" methods="3" coveredmethods="3"/>
      <line num="1" count="2" type="stmt"/>
      <line num="3" count="2" type="stmt"/>
      <line num="4" count="2" type="stmt"/>
      <line num="5" count="2" type="stmt"/>
      <line num="6" count="2" type="stmt"/>
      <line num="7" count="2" type="stmt"/>
      <line num="8" count="2" type="stmt"/>
      <line num="10" count="0" type="stmt"/>
      <line num="15" count="2" type="stmt"/>
      <line num="16" count="2" type="stmt"/>
      <line num="17" count="2" type="stmt"/>
      <line num="18" count="2" type="stmt"/>
      <line num="20" count="0" type="stmt"/>
      <line num="25" count="2" type="stmt"/>
      <line num="26" count="2" type="stmt"/>
      <line num="27" count="2" type="stmt"/>
      <line num="28" count="2" type="stmt"/>
      <line num="30" count="0" type="stmt"/>
    </file>
  </project>
</coverage>
